This file contains any messages produced by compilers while
running configure, to aid debugging if configure makes a mistake.

It was created by m4ri configure 20200125, which was
generated by GNU Autoconf 2.71.  Invocation command line was

  $ ./configure --enable-shared=no --enable-openmp

## --------- ##
## Platform. ##
## --------- ##

hostname = Melines-MacBook-Pro.local
uname -m = x86_64
uname -r = 21.6.0
uname -s = Darwin
uname -v = Darwin Kernel Version 21.6.0: Thu Sep 29 20:12:57 PDT 2022; root:xnu-8020.240.7~1/RELEASE_X86_64

/usr/bin/uname -p = i386
/bin/uname -X     = unknown

/bin/arch              = unknown
/usr/bin/arch -k       = unknown
/usr/convex/getsysinfo = unknown
/usr/bin/hostinfo      = Mach kernel version:
	 Darwin Kernel Version 21.6.0: Thu Sep 29 20:12:57 PDT 2022; root:xnu-8020.240.7~1/RELEASE_X86_64
Kernel configured for up to 8 processors.
4 processors are physically available.
8 processors are logically available.
Processor type: x86_64h (Intel x86-64h Haswell)
Processors active: 0 1 2 3 4 5 6 7
Primary memory available: 16.00 gigabytes
Default processor set: 595 tasks, 2727 threads, 8 processors
Load average: 2.39, Mach factor: 5.66
/bin/machine           = unknown
/usr/bin/oslevel       = unknown
/bin/universe          = unknown

PATH: /Library/Frameworks/Python.framework/Versions/3.9/bin/
PATH: /usr/local/bin/
PATH: /usr/bin/
PATH: /bin/
PATH: /usr/sbin/
PATH: /sbin/
PATH: /Library/TeX/texbin/
PATH: /Library/Apple/usr/bin/
PATH: /Applications/Wireshark.app/Contents/MacOS/


## ----------- ##
## Core tests. ##
## ----------- ##

configure:2467: looking for aux files: ltmain.sh compile missing install-sh config.guess config.sub
configure:2480:  trying ./
configure:2509:   ./ltmain.sh found
configure:2509:   ./compile found
configure:2509:   ./missing found
configure:2491:   ./install-sh found
configure:2509:   ./config.guess found
configure:2509:   ./config.sub found
configure:2628: checking build system type
configure:2643: result: x86_64-apple-darwin21.6.0
configure:2663: checking host system type
configure:2677: result: x86_64-apple-darwin21.6.0
configure:2717: checking for a BSD-compatible install
configure:2790: result: /usr/bin/install -c
configure:2801: checking whether build environment is sane
configure:2856: result: yes
configure:3015: checking for a race-free mkdir -p
configure:3059: result: ./install-sh -c -d
configure:3066: checking for gawk
configure:3101: result: no
configure:3066: checking for mawk
configure:3101: result: no
configure:3066: checking for nawk
configure:3101: result: no
configure:3066: checking for awk
configure:3087: found /usr/bin/awk
configure:3098: result: awk
configure:3109: checking whether make sets $(MAKE)
configure:3132: result: yes
configure:3162: checking whether make supports nested variables
configure:3180: result: yes
configure:3318: checking whether to enable maintainer-specific portions of Makefiles
configure:3328: result: no
configure:3357: checking whether make supports the include directive
configure:3372: make -f confmf.GNU && cat confinc.out
this is the am__doit target
configure:3375: $? = 0
configure:3394: result: yes (GNU style)
configure:3470: checking for gcc
configure:3491: found /usr/bin/gcc
configure:3502: result: gcc
configure:3855: checking for C compiler version
configure:3864: gcc --version >&5
Apple clang version 14.0.0 (clang-1400.0.29.202)
Target: x86_64-apple-darwin21.6.0
Thread model: posix
InstalledDir: /Library/Developer/CommandLineTools/usr/bin
configure:3875: $? = 0
configure:3864: gcc -v >&5
Apple clang version 14.0.0 (clang-1400.0.29.202)
Target: x86_64-apple-darwin21.6.0
Thread model: posix
InstalledDir: /Library/Developer/CommandLineTools/usr/bin
configure:3875: $? = 0
configure:3864: gcc -V >&5
clang: error: argument to '-V' is missing (expected 1 value)
clang: error: no input files
configure:3875: $? = 1
configure:3864: gcc -qversion >&5
clang: error: unknown argument '-qversion'; did you mean '--version'?
clang: error: no input files
configure:3875: $? = 1
configure:3864: gcc -version >&5
clang: error: unknown argument '-version'; did you mean '--version'?
clang: error: no input files
configure:3875: $? = 1
configure:3895: checking whether the C compiler works
configure:3917: gcc    conftest.c  >&5
configure:3921: $? = 0
configure:3971: result: yes
configure:3974: checking for C compiler default output file name
configure:3976: result: a.out
configure:3982: checking for suffix of executables
configure:3989: gcc -o conftest    conftest.c  >&5
configure:3993: $? = 0
configure:4016: result: 
configure:4038: checking whether we are cross compiling
configure:4046: gcc -o conftest    conftest.c  >&5
configure:4050: $? = 0
configure:4057: ./conftest
configure:4061: $? = 0
configure:4076: result: no
configure:4081: checking for suffix of object files
configure:4104: gcc -c   conftest.c >&5
configure:4108: $? = 0
configure:4130: result: o
configure:4134: checking whether the compiler supports GNU C
configure:4154: gcc -c   conftest.c >&5
configure:4154: $? = 0
configure:4164: result: yes
configure:4175: checking whether gcc accepts -g
configure:4196: gcc -c -g  conftest.c >&5
configure:4196: $? = 0
configure:4240: result: yes
configure:4260: checking for gcc option to enable C11 features
configure:4275: gcc  -c -g -O2  conftest.c >&5
configure:4275: $? = 0
configure:4293: result: none needed
configure:4409: checking whether gcc understands -c and -o together
configure:4432: gcc -c conftest.c -o conftest2.o
configure:4435: $? = 0
configure:4432: gcc -c conftest.c -o conftest2.o
configure:4435: $? = 0
configure:4447: result: yes
configure:4466: checking dependency style of gcc
configure:4578: result: gcc3
configure:4642: checking how to print strings
configure:4669: result: printf
configure:4690: checking for a sed that does not truncate output
configure:4760: result: /usr/bin/sed
configure:4778: checking for grep that handles long lines and -e
configure:4842: result: /usr/bin/grep
configure:4847: checking for egrep
configure:4915: result: /usr/bin/grep -E
configure:4920: checking for fgrep
configure:4988: result: /usr/bin/grep -F
configure:5024: checking for ld used by gcc
configure:5092: result: /Library/Developer/CommandLineTools/usr/bin/ld
configure:5099: checking if the linker (/Library/Developer/CommandLineTools/usr/bin/ld) is GNU ld
configure:5115: result: no
configure:5127: checking for BSD- or MS-compatible name lister (nm)
configure:5182: result: /usr/bin/nm -B
configure:5322: checking the name lister (/usr/bin/nm -B) interface
configure:5330: gcc -c -g -O2  conftest.c >&5
configure:5333: /usr/bin/nm -B "conftest.o"
configure:5336: output
0000000000000238 S _some_variable
configure:5343: result: BSD nm
configure:5346: checking whether ln -s works
configure:5350: result: yes
configure:5358: checking the maximum length of command line arguments
configure:5490: result: 786432
configure:5538: checking how to convert x86_64-apple-darwin21.6.0 file names to x86_64-apple-darwin21.6.0 format
configure:5579: result: func_convert_file_noop
configure:5586: checking how to convert x86_64-apple-darwin21.6.0 file names to toolchain format
configure:5607: result: func_convert_file_noop
configure:5614: checking for /Library/Developer/CommandLineTools/usr/bin/ld option to reload object files
configure:5622: result: -r
configure:5701: checking for file
configure:5722: found /usr/bin/file
configure:5733: result: file
configure:5809: checking for objdump
configure:5830: found /usr/bin/objdump
configure:5841: result: objdump
configure:5873: checking how to recognize dependent libraries
configure:6074: result: pass_all
configure:6164: checking for dlltool
configure:6199: result: no
configure:6229: checking how to associate runtime and link libraries
configure:6257: result: printf %s\n
configure:6323: checking for ar
configure:6344: found /usr/bin/ar
configure:6355: result: ar
configure:6408: checking for archiver @FILE support
configure:6426: gcc -c -g -O2  conftest.c >&5
configure:6426: $? = 0
configure:6430: ar cr libconftest.a @conftest.lst >&5
ar: @conftest.lst: No such file or directory
configure:6433: $? = 1
configure:6453: result: no
configure:6516: checking for strip
configure:6537: found /usr/bin/strip
configure:6548: result: strip
configure:6625: checking for ranlib
configure:6646: found /usr/bin/ranlib
configure:6657: result: ranlib
configure:6759: checking command to parse /usr/bin/nm -B output from gcc object
configure:6913: gcc -c -g -O2  conftest.c >&5
configure:6916: $? = 0
configure:6920: /usr/bin/nm -B conftest.o \| /usr/bin/sed -n -e 's/^.*[ ]\([ABCDGIRSTW][ABCDGIRSTW]*\)[ ][ ]*\([_A-Za-z][_A-Za-z0-9]*\)$/\1 \2 \2/p' | /usr/bin/sed '/ __gnu_lto/d' \> conftest.nm
configure:6923: $? = 0
cannot find nm_test_var in conftest.nm
configure:6913: gcc -c -g -O2  conftest.c >&5
configure:6916: $? = 0
configure:6920: /usr/bin/nm -B conftest.o \| /usr/bin/sed -n -e 's/^.*[ ]\([ABCDGIRSTW][ABCDGIRSTW]*\)[ ][ ]*_\([_A-Za-z][_A-Za-z0-9]*\)$/\1 _\2 \2/p' | /usr/bin/sed '/ __gnu_lto/d' \> conftest.nm
configure:6923: $? = 0
configure:6989: gcc -o conftest -g -O2   conftest.c conftstm.o >&5
warning: (x86_64)  could not find object file symbol for symbol _main
configure:6992: $? = 0
configure:7030: result: ok
configure:7077: checking for sysroot
configure:7108: result: no
configure:7115: checking for a working dd
configure:7159: result: /bin/dd
configure:7163: checking how to truncate binary pipes
configure:7179: result: /bin/dd bs=4096 count=1
configure:7516: checking for mt
configure:7551: result: no
configure:7571: checking if : is a manifest tool
configure:7578: : '-?'
configure:7586: result: no
configure:7647: checking for dsymutil
configure:7668: found /usr/bin/dsymutil
configure:7679: result: dsymutil
configure:7749: checking for nmedit
configure:7770: found /usr/bin/nmedit
configure:7781: result: nmedit
configure:7851: checking for lipo
configure:7872: found /usr/bin/lipo
configure:7883: result: lipo
configure:7953: checking for otool
configure:7974: found /usr/bin/otool
configure:7985: result: otool
configure:8055: checking for otool64
configure:8090: result: no
configure:8135: checking for -single_module linker flag
gcc -g -O2  -o libconftest.dylib -dynamiclib -Wl,-single_module conftest.c
configure:8169: result: yes
configure:8172: checking for -exported_symbols_list linker flag
configure:8193: gcc -o conftest -g -O2   -Wl,-exported_symbols_list,conftest.sym conftest.c  >&5
configure:8193: $? = 0
configure:8204: result: yes
configure:8207: checking for -force_load linker flag
gcc -g -O2 -c -o conftest.o conftest.c
ar cr libconftest.a conftest.o
ranlib libconftest.a
gcc -g -O2  -o conftest conftest.c -Wl,-force_load,./libconftest.a
configure:8240: result: yes
configure:8311: checking for stdio.h
configure:8311: gcc -c -g -O2  conftest.c >&5
configure:8311: $? = 0
configure:8311: result: yes
configure:8311: checking for stdlib.h
configure:8311: gcc -c -g -O2  conftest.c >&5
configure:8311: $? = 0
configure:8311: result: yes
configure:8311: checking for string.h
configure:8311: gcc -c -g -O2  conftest.c >&5
configure:8311: $? = 0
configure:8311: result: yes
configure:8311: checking for inttypes.h
configure:8311: gcc -c -g -O2  conftest.c >&5
configure:8311: $? = 0
configure:8311: result: yes
configure:8311: checking for stdint.h
configure:8311: gcc -c -g -O2  conftest.c >&5
configure:8311: $? = 0
configure:8311: result: yes
configure:8311: checking for strings.h
configure:8311: gcc -c -g -O2  conftest.c >&5
configure:8311: $? = 0
configure:8311: result: yes
configure:8311: checking for sys/stat.h
configure:8311: gcc -c -g -O2  conftest.c >&5
configure:8311: $? = 0
configure:8311: result: yes
configure:8311: checking for sys/types.h
configure:8311: gcc -c -g -O2  conftest.c >&5
configure:8311: $? = 0
configure:8311: result: yes
configure:8311: checking for unistd.h
configure:8311: gcc -c -g -O2  conftest.c >&5
configure:8311: $? = 0
configure:8311: result: yes
configure:8336: checking for dlfcn.h
configure:8336: gcc -c -g -O2  conftest.c >&5
configure:8336: $? = 0
configure:8336: result: yes
configure:8595: checking for objdir
configure:8611: result: .libs
configure:8875: checking if gcc supports -fno-rtti -fno-exceptions
configure:8894: gcc -c -g -O2  -fno-rtti -fno-exceptions conftest.c >&5
configure:8898: $? = 0
configure:8911: result: yes
configure:9269: checking for gcc option to produce PIC
configure:9277: result: -fno-common -DPIC
configure:9285: checking if gcc PIC flag -fno-common -DPIC works
configure:9304: gcc -c -g -O2  -fno-common -DPIC -DPIC conftest.c >&5
configure:9308: $? = 0
configure:9321: result: yes
configure:9350: checking if gcc static flag -static works
configure:9379: result: no
configure:9394: checking if gcc supports -c -o file.o
configure:9416: gcc -c -g -O2  -o out/conftest2.o conftest.c >&5
configure:9420: $? = 0
configure:9442: result: yes
configure:9450: checking if gcc supports -c -o file.o
configure:9498: result: yes
configure:9531: checking whether the gcc linker (/Library/Developer/CommandLineTools/usr/bin/ld) supports shared libraries
configure:10799: result: yes
configure:11040: checking dynamic linker characteristics
configure:11861: result: darwin21.6.0 dyld
configure:11983: checking how to hardcode library paths into programs
configure:12008: result: immediate
configure:12560: checking whether stripping libraries is possible
configure:12577: result: yes
configure:12611: checking if libtool supports shared libraries
configure:12613: result: yes
configure:12616: checking whether to build shared libraries
configure:12641: result: no
configure:12644: checking whether to build static libraries
configure:12648: result: yes
configure:12848: checking for x86 cpuid  output
configure:12882: gcc -o conftest -g -O2   conftest.c  >&5
conftest.c:28:15: error: expected expression
     int op = , level = 0, eax, ebx, ecx, edx;
              ^
1 error generated.
configure:12882: $? = 1
configure: program exited with status 1
configure: failed program was:
| /* confdefs.h */
| #define PACKAGE_NAME "m4ri"
| #define PACKAGE_TARNAME "m4ri"
| #define PACKAGE_VERSION "20200125"
| #define PACKAGE_STRING "m4ri 20200125"
| #define PACKAGE_BUGREPORT ""
| #define PACKAGE_URL ""
| #define PACKAGE "m4ri"
| #define VERSION "20200125"
| #define HAVE_STDIO_H 1
| #define HAVE_STDLIB_H 1
| #define HAVE_STRING_H 1
| #define HAVE_INTTYPES_H 1
| #define HAVE_STDINT_H 1
| #define HAVE_STRINGS_H 1
| #define HAVE_SYS_STAT_H 1
| #define HAVE_SYS_TYPES_H 1
| #define HAVE_UNISTD_H 1
| #define STDC_HEADERS 1
| #define HAVE_DLFCN_H 1
| #define LT_OBJDIR ".libs/"
| /* end confdefs.h.  */
| #include <stdio.h>
| int
| main (void)
| {
| 
|      int op = , level = 0, eax, ebx, ecx, edx;
|      FILE *f;
|       __asm__ __volatile__ ("xchg %%ebx, %1\n"
|         "cpuid\n"
|         "xchg %%ebx, %1\n"
|         : "=a" (eax), "=r" (ebx), "=c" (ecx), "=d" (edx)
|         : "a" (op), "2" (level));
| 
|      f = fopen("conftest_cpuid", "w"); if (!f) return 1;
|      fprintf(f, "%x:%x:%x:%x\n", eax, ebx, ecx, edx);
|      fclose(f);
|      return 0;
| 
|   ;
|   return 0;
| }
configure:12893: result: unknown
configure:12910: checking for x86-AVX xgetbv  output
configure:12942: gcc -o conftest -g -O2   conftest.c  >&5
conftest.c:28:15: error: expected expression
     int op = , eax, edx;
              ^
1 error generated.
configure:12942: $? = 1
configure: program exited with status 1
configure: failed program was:
| /* confdefs.h */
| #define PACKAGE_NAME "m4ri"
| #define PACKAGE_TARNAME "m4ri"
| #define PACKAGE_VERSION "20200125"
| #define PACKAGE_STRING "m4ri 20200125"
| #define PACKAGE_BUGREPORT ""
| #define PACKAGE_URL ""
| #define PACKAGE "m4ri"
| #define VERSION "20200125"
| #define HAVE_STDIO_H 1
| #define HAVE_STDLIB_H 1
| #define HAVE_STRING_H 1
| #define HAVE_INTTYPES_H 1
| #define HAVE_STDINT_H 1
| #define HAVE_STRINGS_H 1
| #define HAVE_SYS_STAT_H 1
| #define HAVE_SYS_TYPES_H 1
| #define HAVE_UNISTD_H 1
| #define STDC_HEADERS 1
| #define HAVE_DLFCN_H 1
| #define LT_OBJDIR ".libs/"
| /* end confdefs.h.  */
| #include <stdio.h>
| int
| main (void)
| {
| 
|      int op = , eax, edx;
|      FILE *f;
|       /* Opcodes for xgetbv */
|       __asm__ __volatile__ (".byte 0x0f, 0x01, 0xd0"
|         : "=a" (eax), "=d" (edx)
|         : "c" (op));
|      f = fopen("conftest_xgetbv", "w"); if (!f) return 1;
|      fprintf(f, "%x:%x\n", eax, edx);
|      fclose(f);
|      return 0;
| 
|   ;
|   return 0;
| }
configure:12953: result: unknown
configure:13171: checking for x86 cpuid 0x00000000 output
configure:13205: gcc -o conftest -g -O2   conftest.c  >&5
configure:13205: $? = 0
configure:13205: ./conftest
configure:13205: $? = 0
configure:13216: result: d:756e6547:6c65746e:49656e69
configure:13239: checking for x86 cpuid 0x80000000 output
configure:13273: gcc -o conftest -g -O2   conftest.c  >&5
configure:13273: $? = 0
configure:13273: ./conftest
configure:13273: $? = 0
configure:13284: result: 80000008:0:0:0
configure:13309: checking for x86 cpuid 0x00000001 output
configure:13343: gcc -o conftest -g -O2   conftest.c  >&5
configure:13343: $? = 0
configure:13343: ./conftest
configure:13343: $? = 0
configure:13354: result: 40661:6100800:7ffafbbf:bfebfbff
configure:13381: checking for x86 cpuid 0x00000007 output
configure:13415: gcc -o conftest -g -O2   conftest.c  >&5
configure:13415: $? = 0
configure:13415: ./conftest
configure:13415: $? = 0
configure:13426: result: 0:27ab:0:9c000600
configure:13452: checking for x86 cpuid 0x80000001 output
configure:13486: gcc -o conftest -g -O2   conftest.c  >&5
configure:13486: $? = 0
configure:13486: ./conftest
configure:13486: $? = 0
configure:13497: result: 0:0:21:2c100800
configure:13559: gcc -o conftest -g -O2   conftest.c  >&5
configure:13559: $? = 0
configure:13559: ./conftest
configure:13559: $? = 0
configure:13589: checking for x86-AVX xgetbv 0x00000000 output
configure:13621: gcc -o conftest -g -O2   conftest.c  >&5
configure:13621: $? = 0
configure:13621: ./conftest
configure:13621: $? = 0
configure:13632: result: 7:0
configure:13688: checking whether RDRND is supported by the processor
configure:13702: result: yes
configure:13706: checking whether RDRND is supported by the processor and OS
configure:13720: result: yes
configure:13725: checking whether C compiler accepts -mrdrnd
configure:13745: gcc -c -g -O2  -mrdrnd  conftest.c >&5
configure:13745: $? = 0
configure:13755: result: yes
configure:13688: checking whether BMI1 is supported by the processor
configure:13702: result: yes
configure:13706: checking whether BMI1 is supported by the processor and OS
configure:13720: result: yes
configure:13725: checking whether C compiler accepts -mbmi
configure:13745: gcc -c -g -O2  -mbmi  conftest.c >&5
configure:13745: $? = 0
configure:13755: result: yes
configure:13688: checking whether BMI2 is supported by the processor
configure:13702: result: yes
configure:13706: checking whether BMI2 is supported by the processor and OS
configure:13720: result: yes
configure:13725: checking whether C compiler accepts -mbmi2
configure:13745: gcc -c -g -O2  -mbmi2  conftest.c >&5
configure:13745: $? = 0
configure:13755: result: yes
configure:13688: checking whether ADX is supported by the processor
configure:13702: result: no
configure:13688: checking whether MPX is supported by the processor
configure:13702: result: no
configure:13688: checking whether PREFETCHWT1 is supported by the processor
configure:13702: result: no
configure:13688: checking whether ABM is supported by the processor
configure:13702: result: yes
configure:13706: checking whether ABM is supported by the processor and OS
configure:13720: result: yes
configure:13725: checking whether C compiler accepts -mabm
configure:13745: gcc -c -g -O2  -mabm  conftest.c >&5
clang: error: unknown argument '-mabm'; did you mean '-marm'?
configure:13745: $? = 1
configure: failed program was:
| /* confdefs.h */
| #define PACKAGE_NAME "m4ri"
| #define PACKAGE_TARNAME "m4ri"
| #define PACKAGE_VERSION "20200125"
| #define PACKAGE_STRING "m4ri 20200125"
| #define PACKAGE_BUGREPORT ""
| #define PACKAGE_URL ""
| #define PACKAGE "m4ri"
| #define VERSION "20200125"
| #define HAVE_STDIO_H 1
| #define HAVE_STDLIB_H 1
| #define HAVE_STRING_H 1
| #define HAVE_INTTYPES_H 1
| #define HAVE_STDINT_H 1
| #define HAVE_STRINGS_H 1
| #define HAVE_SYS_STAT_H 1
| #define HAVE_SYS_TYPES_H 1
| #define HAVE_UNISTD_H 1
| #define STDC_HEADERS 1
| #define HAVE_DLFCN_H 1
| #define LT_OBJDIR ".libs/"
| #define HAVE_RDRND 1
| #define HAVE_BMI1 1
| #define HAVE_BMI2 1
| /* end confdefs.h.  */
| 
| int
| main (void)
| {
| 
|   ;
|   return 0;
| }
configure:13755: result: no
configure:13769: WARNING: Your processor and OS supports ABM instructions but not your compiler, can you try another compiler?
configure:13688: checking whether MMX is supported by the processor
configure:13702: result: yes
configure:13706: checking whether MMX is supported by the processor and OS
configure:13720: result: yes
configure:13725: checking whether C compiler accepts -mmmx
configure:13745: gcc -c -g -O2  -mmmx  conftest.c >&5
configure:13745: $? = 0
configure:13755: result: yes
configure:13688: checking whether SSE is supported by the processor
configure:13702: result: yes
configure:13706: checking whether SSE is supported by the processor and OS
configure:13720: result: yes
configure:13725: checking whether C compiler accepts -msse
configure:13745: gcc -c -g -O2  -msse  conftest.c >&5
configure:13745: $? = 0
configure:13755: result: yes
configure:13688: checking whether SSE2 is supported by the processor
configure:13702: result: yes
configure:13706: checking whether SSE2 is supported by the processor and OS
configure:13720: result: yes
configure:13725: checking whether C compiler accepts -msse2
configure:13745: gcc -c -g -O2  -msse2  conftest.c >&5
configure:13745: $? = 0
configure:13755: result: yes
configure:13688: checking whether SSE3 is supported by the processor
configure:13702: result: yes
configure:13706: checking whether SSE3 is supported by the processor and OS
configure:13720: result: yes
configure:13725: checking whether C compiler accepts -msse3
configure:13745: gcc -c -g -O2  -msse3  conftest.c >&5
configure:13745: $? = 0
configure:13755: result: yes
configure:13688: checking whether SSSE3 is supported by the processor
configure:13702: result: yes
configure:13706: checking whether SSSE3 is supported by the processor and OS
configure:13720: result: yes
configure:13725: checking whether C compiler accepts -mssse3
configure:13745: gcc -c -g -O2  -mssse3  conftest.c >&5
configure:13745: $? = 0
configure:13755: result: yes
configure:13688: checking whether SSE4.1 is supported by the processor
configure:13702: result: yes
configure:13706: checking whether SSE4.1 is supported by the processor and OS
configure:13720: result: yes
configure:13725: checking whether C compiler accepts -msse4.1
configure:13745: gcc -c -g -O2  -msse4.1  conftest.c >&5
configure:13745: $? = 0
configure:13755: result: yes
configure:13688: checking whether SSE4.2 is supported by the processor
configure:13702: result: yes
configure:13706: checking whether SSE4.2 is supported by the processor and OS
configure:13720: result: yes
configure:13725: checking whether C compiler accepts -msse4.2
configure:13745: gcc -c -g -O2  -msse4.2  conftest.c >&5
configure:13745: $? = 0
configure:13755: result: yes
configure:13688: checking whether SSE4a is supported by the processor
configure:13702: result: no
configure:13688: checking whether SHA is supported by the processor
configure:13702: result: no
configure:13688: checking whether AES is supported by the processor
configure:13702: result: yes
configure:13706: checking whether AES is supported by the processor and OS
configure:13720: result: yes
configure:13725: checking whether C compiler accepts -maes
configure:13745: gcc -c -g -O2  -maes  conftest.c >&5
configure:13745: $? = 0
configure:13755: result: yes
configure:13688: checking whether AVX is supported by the processor
configure:13702: result: yes
configure:13706: checking whether AVX is supported by the processor and OS
configure:13720: result: yes
configure:13725: checking whether C compiler accepts -mavx
configure:13745: gcc -c -g -O2  -mavx  conftest.c >&5
configure:13745: $? = 0
configure:13755: result: yes
configure:13688: checking whether FMA3 is supported by the processor
configure:13702: result: yes
configure:13706: checking whether FMA3 is supported by the processor and OS
configure:13720: result: yes
configure:13725: checking whether C compiler accepts -mfma
configure:13745: gcc -c -g -O2  -mfma  conftest.c >&5
configure:13745: $? = 0
configure:13755: result: yes
configure:13688: checking whether FMA4 is supported by the processor
configure:13702: result: no
configure:13688: checking whether XOP is supported by the processor
configure:13702: result: no
configure:13688: checking whether AVX2 is supported by the processor
configure:13702: result: yes
configure:13706: checking whether AVX2 is supported by the processor and OS
configure:13720: result: yes
configure:13725: checking whether C compiler accepts -mavx2
configure:13745: gcc -c -g -O2  -mavx2  conftest.c >&5
configure:13745: $? = 0
configure:13755: result: yes
configure:13688: checking whether AVX512-F is supported by the processor
configure:13702: result: no
configure:13688: checking whether AVX512-CD is supported by the processor
configure:13702: result: no
configure:13688: checking whether AVX512-PF is supported by the processor
configure:13702: result: no
configure:13688: checking whether AVX512-ER is supported by the processor
configure:13702: result: no
configure:13688: checking whether AVX512-VL is supported by the processor
configure:13702: result: no
configure:13688: checking whether AVX512-BW is supported by the processor
configure:13702: result: no
configure:13688: checking whether AVX512-DQ is supported by the processor
configure:13702: result: no
configure:13688: checking whether AVX512-IFMA is supported by the processor
configure:13702: result: no
configure:13688: checking whether AVX512-VBMI is supported by the processor
configure:13702: result: no
configure:13865: checking for mm_malloc.h
configure:13865: gcc -c -g -O2  conftest.c >&5
configure:13865: $? = 0
configure:13865: result: yes
configure:13881: checking for working posix_memalign
configure:13907: gcc -o conftest -g -O2   conftest.c  >&5
configure:13907: $? = 0
configure:13907: ./conftest
configure:13907: $? = 0
configure:13918: result: yes
configure:13946: checking for OpenMP flag of C compiler
configure:13992: gcc -o conftest -g -O2 -fopenmp   conftest.c  >&5
clang: error: unsupported option '-fopenmp'
clang: error: unsupported option '-fopenmp'
configure:13992: $? = 1
configure: failed program was:
| /* confdefs.h */
| #define PACKAGE_NAME "m4ri"
| #define PACKAGE_TARNAME "m4ri"
| #define PACKAGE_VERSION "20200125"
| #define PACKAGE_STRING "m4ri 20200125"
| #define PACKAGE_BUGREPORT ""
| #define PACKAGE_URL ""
| #define PACKAGE "m4ri"
| #define VERSION "20200125"
| #define HAVE_STDIO_H 1
| #define HAVE_STDLIB_H 1
| #define HAVE_STRING_H 1
| #define HAVE_INTTYPES_H 1
| #define HAVE_STDINT_H 1
| #define HAVE_STRINGS_H 1
| #define HAVE_SYS_STAT_H 1
| #define HAVE_SYS_TYPES_H 1
| #define HAVE_UNISTD_H 1
| #define STDC_HEADERS 1
| #define HAVE_DLFCN_H 1
| #define LT_OBJDIR ".libs/"
| #define HAVE_RDRND 1
| #define HAVE_BMI1 1
| #define HAVE_BMI2 1
| #define HAVE_MMX 1
| #define HAVE_SSE 1
| #define HAVE_SSE2 1
| #define HAVE_SSE3 1
| #define HAVE_SSSE3 1
| #define HAVE_SSE4_1 1
| #define HAVE_SSE4_2 1
| #define HAVE_AES 1
| #define HAVE_AVX 1
| #define HAVE_FMA3 1
| #define HAVE_AVX2 1
| #define HAVE_MM_MALLOC /**/
| #define HAVE_POSIX_MEMALIGN 1
| /* end confdefs.h.  */
| 
| #include <omp.h>
| 
| static void
| parallel_fill(int * data, int n)
| {
|   int i;
| #pragma omp parallel for
|   for (i = 0; i < n; ++i)
|     data[i] = i;
| }
| 
| int
| main()
| {
|   int arr[100000];
|   omp_set_num_threads(2);
|   parallel_fill(arr, 100000);
|   return 0;
| }
| 
configure:13992: gcc -o conftest -g -O2 -openmp   conftest.c  >&5
conftest.c:40:10: fatal error: 'omp.h' file not found
#include <omp.h>
         ^~~~~~~
1 error generated.
configure:13992: $? = 1
configure: failed program was:
| /* confdefs.h */
| #define PACKAGE_NAME "m4ri"
| #define PACKAGE_TARNAME "m4ri"
| #define PACKAGE_VERSION "20200125"
| #define PACKAGE_STRING "m4ri 20200125"
| #define PACKAGE_BUGREPORT ""
| #define PACKAGE_URL ""
| #define PACKAGE "m4ri"
| #define VERSION "20200125"
| #define HAVE_STDIO_H 1
| #define HAVE_STDLIB_H 1
| #define HAVE_STRING_H 1
| #define HAVE_INTTYPES_H 1
| #define HAVE_STDINT_H 1
| #define HAVE_STRINGS_H 1
| #define HAVE_SYS_STAT_H 1
| #define HAVE_SYS_TYPES_H 1
| #define HAVE_UNISTD_H 1
| #define STDC_HEADERS 1
| #define HAVE_DLFCN_H 1
| #define LT_OBJDIR ".libs/"
| #define HAVE_RDRND 1
| #define HAVE_BMI1 1
| #define HAVE_BMI2 1
| #define HAVE_MMX 1
| #define HAVE_SSE 1
| #define HAVE_SSE2 1
| #define HAVE_SSE3 1
| #define HAVE_SSSE3 1
| #define HAVE_SSE4_1 1
| #define HAVE_SSE4_2 1
| #define HAVE_AES 1
| #define HAVE_AVX 1
| #define HAVE_FMA3 1
| #define HAVE_AVX2 1
| #define HAVE_MM_MALLOC /**/
| #define HAVE_POSIX_MEMALIGN 1
| /* end confdefs.h.  */
| 
| #include <omp.h>
| 
| static void
| parallel_fill(int * data, int n)
| {
|   int i;
| #pragma omp parallel for
|   for (i = 0; i < n; ++i)
|     data[i] = i;
| }
| 
| int
| main()
| {
|   int arr[100000];
|   omp_set_num_threads(2);
|   parallel_fill(arr, 100000);
|   return 0;
| }
| 
configure:13992: gcc -o conftest -g -O2 -qopenmp   conftest.c  >&5
clang: error: unknown argument '-qopenmp'; did you mean '-fopenmp'?
configure:13992: $? = 1
configure: failed program was:
| /* confdefs.h */
| #define PACKAGE_NAME "m4ri"
| #define PACKAGE_TARNAME "m4ri"
| #define PACKAGE_VERSION "20200125"
| #define PACKAGE_STRING "m4ri 20200125"
| #define PACKAGE_BUGREPORT ""
| #define PACKAGE_URL ""
| #define PACKAGE "m4ri"
| #define VERSION "20200125"
| #define HAVE_STDIO_H 1
| #define HAVE_STDLIB_H 1
| #define HAVE_STRING_H 1
| #define HAVE_INTTYPES_H 1
| #define HAVE_STDINT_H 1
| #define HAVE_STRINGS_H 1
| #define HAVE_SYS_STAT_H 1
| #define HAVE_SYS_TYPES_H 1
| #define HAVE_UNISTD_H 1
| #define STDC_HEADERS 1
| #define HAVE_DLFCN_H 1
| #define LT_OBJDIR ".libs/"
| #define HAVE_RDRND 1
| #define HAVE_BMI1 1
| #define HAVE_BMI2 1
| #define HAVE_MMX 1
| #define HAVE_SSE 1
| #define HAVE_SSE2 1
| #define HAVE_SSE3 1
| #define HAVE_SSSE3 1
| #define HAVE_SSE4_1 1
| #define HAVE_SSE4_2 1
| #define HAVE_AES 1
| #define HAVE_AVX 1
| #define HAVE_FMA3 1
| #define HAVE_AVX2 1
| #define HAVE_MM_MALLOC /**/
| #define HAVE_POSIX_MEMALIGN 1
| /* end confdefs.h.  */
| 
| #include <omp.h>
| 
| static void
| parallel_fill(int * data, int n)
| {
|   int i;
| #pragma omp parallel for
|   for (i = 0; i < n; ++i)
|     data[i] = i;
| }
| 
| int
| main()
| {
|   int arr[100000];
|   omp_set_num_threads(2);
|   parallel_fill(arr, 100000);
|   return 0;
| }
| 
configure:13992: gcc -o conftest -g -O2 -mp   conftest.c  >&5
clang: error: unknown argument: '-mp'
configure:13992: $? = 1
configure: failed program was:
| /* confdefs.h */
| #define PACKAGE_NAME "m4ri"
| #define PACKAGE_TARNAME "m4ri"
| #define PACKAGE_VERSION "20200125"
| #define PACKAGE_STRING "m4ri 20200125"
| #define PACKAGE_BUGREPORT ""
| #define PACKAGE_URL ""
| #define PACKAGE "m4ri"
| #define VERSION "20200125"
| #define HAVE_STDIO_H 1
| #define HAVE_STDLIB_H 1
| #define HAVE_STRING_H 1
| #define HAVE_INTTYPES_H 1
| #define HAVE_STDINT_H 1
| #define HAVE_STRINGS_H 1
| #define HAVE_SYS_STAT_H 1
| #define HAVE_SYS_TYPES_H 1
| #define HAVE_UNISTD_H 1
| #define STDC_HEADERS 1
| #define HAVE_DLFCN_H 1
| #define LT_OBJDIR ".libs/"
| #define HAVE_RDRND 1
| #define HAVE_BMI1 1
| #define HAVE_BMI2 1
| #define HAVE_MMX 1
| #define HAVE_SSE 1
| #define HAVE_SSE2 1
| #define HAVE_SSE3 1
| #define HAVE_SSSE3 1
| #define HAVE_SSE4_1 1
| #define HAVE_SSE4_2 1
| #define HAVE_AES 1
| #define HAVE_AVX 1
| #define HAVE_FMA3 1
| #define HAVE_AVX2 1
| #define HAVE_MM_MALLOC /**/
| #define HAVE_POSIX_MEMALIGN 1
| /* end confdefs.h.  */
| 
| #include <omp.h>
| 
| static void
| parallel_fill(int * data, int n)
| {
|   int i;
| #pragma omp parallel for
|   for (i = 0; i < n; ++i)
|     data[i] = i;
| }
| 
| int
| main()
| {
|   int arr[100000];
|   omp_set_num_threads(2);
|   parallel_fill(arr, 100000);
|   return 0;
| }
| 
configure:13992: gcc -o conftest -g -O2 -xopenmp   conftest.c  >&5
clang: error: language not recognized: 'openmp'
configure:13992: $? = 1
configure: failed program was:
| /* confdefs.h */
| #define PACKAGE_NAME "m4ri"
| #define PACKAGE_TARNAME "m4ri"
| #define PACKAGE_VERSION "20200125"
| #define PACKAGE_STRING "m4ri 20200125"
| #define PACKAGE_BUGREPORT ""
| #define PACKAGE_URL ""
| #define PACKAGE "m4ri"
| #define VERSION "20200125"
| #define HAVE_STDIO_H 1
| #define HAVE_STDLIB_H 1
| #define HAVE_STRING_H 1
| #define HAVE_INTTYPES_H 1
| #define HAVE_STDINT_H 1
| #define HAVE_STRINGS_H 1
| #define HAVE_SYS_STAT_H 1
| #define HAVE_SYS_TYPES_H 1
| #define HAVE_UNISTD_H 1
| #define STDC_HEADERS 1
| #define HAVE_DLFCN_H 1
| #define LT_OBJDIR ".libs/"
| #define HAVE_RDRND 1
| #define HAVE_BMI1 1
| #define HAVE_BMI2 1
| #define HAVE_MMX 1
| #define HAVE_SSE 1
| #define HAVE_SSE2 1
| #define HAVE_SSE3 1
| #define HAVE_SSSE3 1
| #define HAVE_SSE4_1 1
| #define HAVE_SSE4_2 1
| #define HAVE_AES 1
| #define HAVE_AVX 1
| #define HAVE_FMA3 1
| #define HAVE_AVX2 1
| #define HAVE_MM_MALLOC /**/
| #define HAVE_POSIX_MEMALIGN 1
| /* end confdefs.h.  */
| 
| #include <omp.h>
| 
| static void
| parallel_fill(int * data, int n)
| {
|   int i;
| #pragma omp parallel for
|   for (i = 0; i < n; ++i)
|     data[i] = i;
| }
| 
| int
| main()
| {
|   int arr[100000];
|   omp_set_num_threads(2);
|   parallel_fill(arr, 100000);
|   return 0;
| }
| 
configure:13992: gcc -o conftest -g -O2 -omp   conftest.c  >&5
conftest.c:40:10: fatal error: 'omp.h' file not found
#include <omp.h>
         ^~~~~~~
1 error generated.
configure:13992: $? = 1
configure: failed program was:
| /* confdefs.h */
| #define PACKAGE_NAME "m4ri"
| #define PACKAGE_TARNAME "m4ri"
| #define PACKAGE_VERSION "20200125"
| #define PACKAGE_STRING "m4ri 20200125"
| #define PACKAGE_BUGREPORT ""
| #define PACKAGE_URL ""
| #define PACKAGE "m4ri"
| #define VERSION "20200125"
| #define HAVE_STDIO_H 1
| #define HAVE_STDLIB_H 1
| #define HAVE_STRING_H 1
| #define HAVE_INTTYPES_H 1
| #define HAVE_STDINT_H 1
| #define HAVE_STRINGS_H 1
| #define HAVE_SYS_STAT_H 1
| #define HAVE_SYS_TYPES_H 1
| #define HAVE_UNISTD_H 1
| #define STDC_HEADERS 1
| #define HAVE_DLFCN_H 1
| #define LT_OBJDIR ".libs/"
| #define HAVE_RDRND 1
| #define HAVE_BMI1 1
| #define HAVE_BMI2 1
| #define HAVE_MMX 1
| #define HAVE_SSE 1
| #define HAVE_SSE2 1
| #define HAVE_SSE3 1
| #define HAVE_SSSE3 1
| #define HAVE_SSE4_1 1
| #define HAVE_SSE4_2 1
| #define HAVE_AES 1
| #define HAVE_AVX 1
| #define HAVE_FMA3 1
| #define HAVE_AVX2 1
| #define HAVE_MM_MALLOC /**/
| #define HAVE_POSIX_MEMALIGN 1
| /* end confdefs.h.  */
| 
| #include <omp.h>
| 
| static void
| parallel_fill(int * data, int n)
| {
|   int i;
| #pragma omp parallel for
|   for (i = 0; i < n; ++i)
|     data[i] = i;
| }
| 
| int
| main()
| {
|   int arr[100000];
|   omp_set_num_threads(2);
|   parallel_fill(arr, 100000);
|   return 0;
| }
| 
configure:13992: gcc -o conftest -g -O2 -qsmp=omp   conftest.c  >&5
clang: error: unknown argument: '-qsmp=omp'
configure:13992: $? = 1
configure: failed program was:
| /* confdefs.h */
| #define PACKAGE_NAME "m4ri"
| #define PACKAGE_TARNAME "m4ri"
| #define PACKAGE_VERSION "20200125"
| #define PACKAGE_STRING "m4ri 20200125"
| #define PACKAGE_BUGREPORT ""
| #define PACKAGE_URL ""
| #define PACKAGE "m4ri"
| #define VERSION "20200125"
| #define HAVE_STDIO_H 1
| #define HAVE_STDLIB_H 1
| #define HAVE_STRING_H 1
| #define HAVE_INTTYPES_H 1
| #define HAVE_STDINT_H 1
| #define HAVE_STRINGS_H 1
| #define HAVE_SYS_STAT_H 1
| #define HAVE_SYS_TYPES_H 1
| #define HAVE_UNISTD_H 1
| #define STDC_HEADERS 1
| #define HAVE_DLFCN_H 1
| #define LT_OBJDIR ".libs/"
| #define HAVE_RDRND 1
| #define HAVE_BMI1 1
| #define HAVE_BMI2 1
| #define HAVE_MMX 1
| #define HAVE_SSE 1
| #define HAVE_SSE2 1
| #define HAVE_SSE3 1
| #define HAVE_SSSE3 1
| #define HAVE_SSE4_1 1
| #define HAVE_SSE4_2 1
| #define HAVE_AES 1
| #define HAVE_AVX 1
| #define HAVE_FMA3 1
| #define HAVE_AVX2 1
| #define HAVE_MM_MALLOC /**/
| #define HAVE_POSIX_MEMALIGN 1
| /* end confdefs.h.  */
| 
| #include <omp.h>
| 
| static void
| parallel_fill(int * data, int n)
| {
|   int i;
| #pragma omp parallel for
|   for (i = 0; i < n; ++i)
|     data[i] = i;
| }
| 
| int
| main()
| {
|   int arr[100000];
|   omp_set_num_threads(2);
|   parallel_fill(arr, 100000);
|   return 0;
| }
| 
configure:13992: gcc -o conftest    conftest.c  >&5
conftest.c:40:10: fatal error: 'omp.h' file not found
#include <omp.h>
         ^~~~~~~
1 error generated.
configure:13992: $? = 1
configure: failed program was:
| /* confdefs.h */
| #define PACKAGE_NAME "m4ri"
| #define PACKAGE_TARNAME "m4ri"
| #define PACKAGE_VERSION "20200125"
| #define PACKAGE_STRING "m4ri 20200125"
| #define PACKAGE_BUGREPORT ""
| #define PACKAGE_URL ""
| #define PACKAGE "m4ri"
| #define VERSION "20200125"
| #define HAVE_STDIO_H 1
| #define HAVE_STDLIB_H 1
| #define HAVE_STRING_H 1
| #define HAVE_INTTYPES_H 1
| #define HAVE_STDINT_H 1
| #define HAVE_STRINGS_H 1
| #define HAVE_SYS_STAT_H 1
| #define HAVE_SYS_TYPES_H 1
| #define HAVE_UNISTD_H 1
| #define STDC_HEADERS 1
| #define HAVE_DLFCN_H 1
| #define LT_OBJDIR ".libs/"
| #define HAVE_RDRND 1
| #define HAVE_BMI1 1
| #define HAVE_BMI2 1
| #define HAVE_MMX 1
| #define HAVE_SSE 1
| #define HAVE_SSE2 1
| #define HAVE_SSE3 1
| #define HAVE_SSSE3 1
| #define HAVE_SSE4_1 1
| #define HAVE_SSE4_2 1
| #define HAVE_AES 1
| #define HAVE_AVX 1
| #define HAVE_FMA3 1
| #define HAVE_AVX2 1
| #define HAVE_MM_MALLOC /**/
| #define HAVE_POSIX_MEMALIGN 1
| /* end confdefs.h.  */
| 
| #include <omp.h>
| 
| static void
| parallel_fill(int * data, int n)
| {
|   int i;
| #pragma omp parallel for
|   for (i = 0; i < n; ++i)
|     data[i] = i;
| }
| 
| int
| main()
| {
|   int arr[100000];
|   omp_set_num_threads(2);
|   parallel_fill(arr, 100000);
|   return 0;
| }
| 
configure:14002: result: unknown
configure:14099: checking for PAPI_start_counters in -lpapi
configure:14122: gcc -o conftest -g -O2   conftest.c -lpapi   >&5
ld: library not found for -lpapi
clang: error: linker command failed with exit code 1 (use -v to see invocation)
configure:14122: $? = 1
configure: failed program was:
| /* confdefs.h */
| #define PACKAGE_NAME "m4ri"
| #define PACKAGE_TARNAME "m4ri"
| #define PACKAGE_VERSION "20200125"
| #define PACKAGE_STRING "m4ri 20200125"
| #define PACKAGE_BUGREPORT ""
| #define PACKAGE_URL ""
| #define PACKAGE "m4ri"
| #define VERSION "20200125"
| #define HAVE_STDIO_H 1
| #define HAVE_STDLIB_H 1
| #define HAVE_STRING_H 1
| #define HAVE_INTTYPES_H 1
| #define HAVE_STDINT_H 1
| #define HAVE_STRINGS_H 1
| #define HAVE_SYS_STAT_H 1
| #define HAVE_SYS_TYPES_H 1
| #define HAVE_UNISTD_H 1
| #define STDC_HEADERS 1
| #define HAVE_DLFCN_H 1
| #define LT_OBJDIR ".libs/"
| #define HAVE_RDRND 1
| #define HAVE_BMI1 1
| #define HAVE_BMI2 1
| #define HAVE_MMX 1
| #define HAVE_SSE 1
| #define HAVE_SSE2 1
| #define HAVE_SSE3 1
| #define HAVE_SSSE3 1
| #define HAVE_SSE4_1 1
| #define HAVE_SSE4_2 1
| #define HAVE_AES 1
| #define HAVE_AVX 1
| #define HAVE_FMA3 1
| #define HAVE_AVX2 1
| #define HAVE_MM_MALLOC /**/
| #define HAVE_POSIX_MEMALIGN 1
| #define NDEBUG 1
| /* end confdefs.h.  */
| 
| /* Override any GCC internal prototype to avoid an error.
|    Use char because int might match the return type of a GCC
|    builtin and then its argument prototype would still apply.  */
| char PAPI_start_counters ();
| int
| main (void)
| {
| return PAPI_start_counters ();
|   ;
|   return 0;
| }
configure:14132: result: no
configure:14302: checking for x86 cpuid 0x0 output
configure:14336: gcc -o conftest -g -O2   conftest.c  >&5
configure:14336: $? = 0
configure:14336: ./conftest
configure:14336: $? = 0
configure:14347: result: d:756e6547:6c65746e:49656e69
configure:14358: checking for the processor vendor
configure:14398: result: Intel
configure:14415: checking for x86 cpuid 0x0 output
configure:14460: result: d:756e6547:6c65746e:49656e69
configure:14471: checking for the processor vendor
configure:14511: result: Intel
configure:14542: checking for x86 cpuid 0x80000000 output
configure:14587: result: 80000008:0:0:0
configure:14606: checking for x86 cpuid 0x80000005 output
configure:14640: gcc -o conftest -g -O2   conftest.c  >&5
configure:14640: $? = 0
configure:14640: ./conftest
configure:14640: $? = 0
configure:14651: result: 0:0:0:0
configure:14673: checking for x86 cpuid 0x80000006 output
configure:14707: gcc -o conftest -g -O2   conftest.c  >&5
configure:14707: $? = 0
configure:14707: ./conftest
configure:14707: $? = 0
configure:14718: result: 0:0:1006040:0
configure:14740: checking for x86 cpuid 0x80000006 output
configure:14785: result: 0:0:1006040:0
configure:14836: checking the L1 cache size
configure:14840: result: 32768 Bytes
configure:14843: checking the L2 cache size
configure:14847: result: 0 Bytes
configure:14850: checking the L3 cache size
configure:14854: result: 0 Bytes
configure:15121: checking whether to build with PNG support
configure:15123: result: yes
configure:15186: checking for pkg-config
configure:15209: found /usr/local/bin/pkg-config
configure:15221: result: /usr/local/bin/pkg-config
configure:15246: checking pkg-config is at least version 0.9.0
configure:15249: result: yes
configure:15259: checking for PNG
configure:15266: $PKG_CONFIG --exists --print-errors "libpng"
configure:15269: $? = 0
configure:15283: $PKG_CONFIG --exists --print-errors "libpng"
configure:15286: $? = 0
configure:15324: result: yes
configure:15528: checking whether make sets $(MAKE)
configure:15551: result: yes
configure:15672: checking that generated files are newer than configure
configure:15678: result: done
configure:15705: creating ./config.status

## ---------------------- ##
## Running config.status. ##
## ---------------------- ##

This file was extended by m4ri config.status 20200125, which was
generated by GNU Autoconf 2.71.  Invocation command line was

  CONFIG_FILES    = 
  CONFIG_HEADERS  = 
  CONFIG_LINKS    = 
  CONFIG_COMMANDS = 
  $ ./config.status 

on Melines-MacBook-Pro.local

config.status:1134: creating Makefile
config.status:1134: creating tests/Makefile
config.status:1134: creating bench/Makefile
config.status:1134: creating m4ri/m4ri_config.h
config.status:1134: creating m4ri.pc
config.status:1134: creating m4ri/config.h
config.status:1315: m4ri/config.h is unchanged
config.status:1363: executing depfiles commands
config.status:1440: cd .       && sed -e '/# am--include-marker/d' Makefile         | make -f - am--depfiles
make: Nothing to be done for `am--depfiles'.
config.status:1445: $? = 0
config.status:1440: cd tests       && sed -e '/# am--include-marker/d' Makefile         | make -f - am--depfiles
config.status:1445: $? = 0
config.status:1440: cd bench       && sed -e '/# am--include-marker/d' Makefile         | make -f - am--depfiles
make: Nothing to be done for `am--depfiles'.
config.status:1445: $? = 0
config.status:1363: executing libtool commands

## ---------------- ##
## Cache variables. ##
## ---------------- ##

ac_cv_build=x86_64-apple-darwin21.6.0
ac_cv_c_compiler_gnu=yes
ac_cv_env_CC_set=
ac_cv_env_CC_value=
ac_cv_env_CFLAGS_set=
ac_cv_env_CFLAGS_value=
ac_cv_env_CPPFLAGS_set=
ac_cv_env_CPPFLAGS_value=
ac_cv_env_LDFLAGS_set=
ac_cv_env_LDFLAGS_value=
ac_cv_env_LIBS_set=
ac_cv_env_LIBS_value=
ac_cv_env_LT_SYS_LIBRARY_PATH_set=
ac_cv_env_LT_SYS_LIBRARY_PATH_value=
ac_cv_env_PKG_CONFIG_LIBDIR_set=
ac_cv_env_PKG_CONFIG_LIBDIR_value=
ac_cv_env_PKG_CONFIG_PATH_set=
ac_cv_env_PKG_CONFIG_PATH_value=
ac_cv_env_PKG_CONFIG_set=
ac_cv_env_PKG_CONFIG_value=
ac_cv_env_PNG_CFLAGS_set=
ac_cv_env_PNG_CFLAGS_value=
ac_cv_env_PNG_LIBS_set=
ac_cv_env_PNG_LIBS_value=
ac_cv_env_build_alias_set=
ac_cv_env_build_alias_value=
ac_cv_env_host_alias_set=
ac_cv_env_host_alias_value=
ac_cv_env_target_alias_set=
ac_cv_env_target_alias_value=
ac_cv_header_dlfcn_h=yes
ac_cv_header_inttypes_h=yes
ac_cv_header_mm_malloc_h=yes
ac_cv_header_stdint_h=yes
ac_cv_header_stdio_h=yes
ac_cv_header_stdlib_h=yes
ac_cv_header_string_h=yes
ac_cv_header_strings_h=yes
ac_cv_header_sys_stat_h=yes
ac_cv_header_sys_types_h=yes
ac_cv_header_unistd_h=yes
ac_cv_host=x86_64-apple-darwin21.6.0
ac_cv_lib_papi_PAPI_start_counters=no
ac_cv_objext=o
ac_cv_path_EGREP='/usr/bin/grep -E'
ac_cv_path_FGREP='/usr/bin/grep -F'
ac_cv_path_GREP=/usr/bin/grep
ac_cv_path_SED=/usr/bin/sed
ac_cv_path_ac_pt_PKG_CONFIG=/usr/local/bin/pkg-config
ac_cv_path_install='/usr/bin/install -c'
ac_cv_path_lt_DD=/bin/dd
ac_cv_prog_AWK=awk
ac_cv_prog_ac_ct_AR=ar
ac_cv_prog_ac_ct_CC=gcc
ac_cv_prog_ac_ct_DSYMUTIL=dsymutil
ac_cv_prog_ac_ct_FILECMD=file
ac_cv_prog_ac_ct_LIPO=lipo
ac_cv_prog_ac_ct_NMEDIT=nmedit
ac_cv_prog_ac_ct_OBJDUMP=objdump
ac_cv_prog_ac_ct_OTOOL=otool
ac_cv_prog_ac_ct_RANLIB=ranlib
ac_cv_prog_ac_ct_STRIP=strip
ac_cv_prog_cc_c11=
ac_cv_prog_cc_g=yes
ac_cv_prog_cc_stdc=
ac_cv_prog_make_make_set=yes
am_cv_CC_dependencies_compiler_type=gcc3
am_cv_make_support_nested_variables=yes
am_cv_prog_cc_c_o=yes
ax_cv_c_openmp=unknown
ax_cv_check_cflags___mabm=no
ax_cv_check_cflags___maes=yes
ax_cv_check_cflags___mavx2=yes
ax_cv_check_cflags___mavx=yes
ax_cv_check_cflags___mbmi2=yes
ax_cv_check_cflags___mbmi=yes
ax_cv_check_cflags___mfma=yes
ax_cv_check_cflags___mmmx=yes
ax_cv_check_cflags___mrdrnd=yes
ax_cv_check_cflags___msse2=yes
ax_cv_check_cflags___msse3=yes
ax_cv_check_cflags___msse4_1=yes
ax_cv_check_cflags___msse4_2=yes
ax_cv_check_cflags___msse=yes
ax_cv_check_cflags___mssse3=yes
ax_cv_cpu_vendor=Intel
ax_cv_func_posix_memalign_works=yes
ax_cv_gcc_x86_avx_xgetbv_0x00000000=7:0
ax_cv_gcc_x86_avx_xgetbv_=unknown
ax_cv_gcc_x86_cpuid_0x00000000=d:756e6547:6c65746e:49656e69
ax_cv_gcc_x86_cpuid_0x00000001=40661:6100800:7ffafbbf:bfebfbff
ax_cv_gcc_x86_cpuid_0x00000007=0:27ab:0:9c000600
ax_cv_gcc_x86_cpuid_0x0=d:756e6547:6c65746e:49656e69
ax_cv_gcc_x86_cpuid_0x80000000=80000008:0:0:0
ax_cv_gcc_x86_cpuid_0x80000001=0:0:21:2c100800
ax_cv_gcc_x86_cpuid_0x80000005=0:0:0:0
ax_cv_gcc_x86_cpuid_0x80000006=0:0:1006040:0
ax_cv_gcc_x86_cpuid_=unknown
ax_cv_have_abm_cpu_ext=yes
ax_cv_have_abm_ext=yes
ax_cv_have_adx_cpu_ext=no
ax_cv_have_adx_ext=no
ax_cv_have_aes_cpu_ext=yes
ax_cv_have_aes_ext=yes
ax_cv_have_avx2_cpu_ext=yes
ax_cv_have_avx2_ext=yes
ax_cv_have_avx512_os_support_ext=no
ax_cv_have_avx512bw_cpu_ext=no
ax_cv_have_avx512bw_ext=no
ax_cv_have_avx512cd_cpu_ext=no
ax_cv_have_avx512cd_ext=no
ax_cv_have_avx512dq_cpu_ext=no
ax_cv_have_avx512dq_ext=no
ax_cv_have_avx512er_cpu_ext=no
ax_cv_have_avx512er_ext=no
ax_cv_have_avx512f_cpu_ext=no
ax_cv_have_avx512f_ext=no
ax_cv_have_avx512ifma_cpu_ext=no
ax_cv_have_avx512ifma_ext=no
ax_cv_have_avx512pf_cpu_ext=no
ax_cv_have_avx512pf_ext=no
ax_cv_have_avx512vbmi_cpu_ext=no
ax_cv_have_avx512vbmi_ext=no
ax_cv_have_avx512vl_cpu_ext=no
ax_cv_have_avx512vl_ext=no
ax_cv_have_avx_cpu_ext=yes
ax_cv_have_avx_ext=yes
ax_cv_have_avx_os_support_ext=yes
ax_cv_have_bmi1_cpu_ext=yes
ax_cv_have_bmi1_ext=yes
ax_cv_have_bmi2_cpu_ext=yes
ax_cv_have_bmi2_ext=yes
ax_cv_have_fma3_cpu_ext=yes
ax_cv_have_fma3_ext=yes
ax_cv_have_fma4_cpu_ext=no
ax_cv_have_fma4_ext=no
ax_cv_have_mmx_cpu_ext=yes
ax_cv_have_mmx_ext=yes
ax_cv_have_mmx_os_support_ext=yes
ax_cv_have_mpx_cpu_ext=no
ax_cv_have_mpx_ext=no
ax_cv_have_none_os_support_ext=yes
ax_cv_have_prefetchwt1_cpu_ext=no
ax_cv_have_prefetchwt1_ext=no
ax_cv_have_rdrnd_cpu_ext=yes
ax_cv_have_rdrnd_ext=yes
ax_cv_have_sha_cpu_ext=no
ax_cv_have_sha_ext=no
ax_cv_have_sse2_cpu_ext=yes
ax_cv_have_sse2_ext=yes
ax_cv_have_sse3_cpu_ext=yes
ax_cv_have_sse3_ext=yes
ax_cv_have_sse41_cpu_ext=yes
ax_cv_have_sse41_ext=yes
ax_cv_have_sse42_cpu_ext=yes
ax_cv_have_sse42_ext=yes
ax_cv_have_sse4a_cpu_ext=no
ax_cv_have_sse4a_ext=no
ax_cv_have_sse_cpu_ext=yes
ax_cv_have_sse_ext=yes
ax_cv_have_sse_os_support_ext=yes
ax_cv_have_ssse3_cpu_ext=yes
ax_cv_have_ssse3_ext=yes
ax_cv_have_xop_cpu_ext=no
ax_cv_have_xop_ext=no
ax_cv_support_abm_ext=no
ax_cv_support_adx_ext=no
ax_cv_support_aes_ext=yes
ax_cv_support_avx2_ext=yes
ax_cv_support_avx512bw_ext=no
ax_cv_support_avx512cd_ext=no
ax_cv_support_avx512dq_ext=no
ax_cv_support_avx512er_ext=no
ax_cv_support_avx512f_ext=no
ax_cv_support_avx512ifma_ext=no
ax_cv_support_avx512pf_ext=no
ax_cv_support_avx512vbmi_ext=no
ax_cv_support_avx512vl_ext=no
ax_cv_support_avx_ext=yes
ax_cv_support_bmi1_ext=yes
ax_cv_support_bmi2_ext=yes
ax_cv_support_fma3_ext=yes
ax_cv_support_fma4_ext=no
ax_cv_support_mmx_ext=yes
ax_cv_support_mpx_ext=no
ax_cv_support_prefetchwt1_ext=no
ax_cv_support_rdrnd_ext=yes
ax_cv_support_sha_ext=no
ax_cv_support_sse2_ext=yes
ax_cv_support_sse3_ext=yes
ax_cv_support_sse41_ext=yes
ax_cv_support_sse42_ext=yes
ax_cv_support_sse4a_ext=no
ax_cv_support_sse_ext=yes
ax_cv_support_ssse3_ext=yes
ax_cv_support_xop_ext=no
lt_cv_apple_cc_single_mod=yes
lt_cv_ar_at_file=no
lt_cv_deplibs_check_method=pass_all
lt_cv_file_magic_cmd='$MAGIC_CMD'
lt_cv_file_magic_test_file=
lt_cv_ld_exported_symbols_list=yes
lt_cv_ld_force_load=yes
lt_cv_ld_reload_flag=-r
lt_cv_nm_interface='BSD nm'
lt_cv_objdir=.libs
lt_cv_path_LD=/Library/Developer/CommandLineTools/usr/bin/ld
lt_cv_path_NM='/usr/bin/nm -B'
lt_cv_path_mainfest_tool=no
lt_cv_prog_compiler_c_o=yes
lt_cv_prog_compiler_pic='-fno-common -DPIC'
lt_cv_prog_compiler_pic_works=yes
lt_cv_prog_compiler_rtti_exceptions=yes
lt_cv_prog_compiler_static_works=no
lt_cv_prog_gnu_ld=no
lt_cv_sharedlib_from_linklib_cmd='printf %s\n'
lt_cv_sys_global_symbol_pipe='/usr/bin/sed -n -e '\''s/^.*[	 ]\([ABCDGIRSTW][ABCDGIRSTW]*\)[	 ][	 ]*_\([_A-Za-z][_A-Za-z0-9]*\)$/\1 _\2 \2/p'\'' | /usr/bin/sed '\''/ __gnu_lto/d'\'''
lt_cv_sys_global_symbol_to_c_name_address='/usr/bin/sed -n -e '\''s/^: \(.*\) .*$/  {"\1", (void *) 0},/p'\'' -e '\''s/^[ABCDGIRSTW][ABCDGIRSTW]* .* \(.*\)$/  {"\1", (void *) \&\1},/p'\'''
lt_cv_sys_global_symbol_to_c_name_address_lib_prefix='/usr/bin/sed -n -e '\''s/^: \(.*\) .*$/  {"\1", (void *) 0},/p'\'' -e '\''s/^[ABCDGIRSTW][ABCDGIRSTW]* .* \(lib.*\)$/  {"\1", (void *) \&\1},/p'\'' -e '\''s/^[ABCDGIRSTW][ABCDGIRSTW]* .* \(.*\)$/  {"lib\1", (void *) \&\1},/p'\'''
lt_cv_sys_global_symbol_to_cdecl='/usr/bin/sed -n -e '\''s/^T .* \(.*\)$/extern int \1();/p'\'' -e '\''s/^[ABCDGIRSTW][ABCDGIRSTW]* .* \(.*\)$/extern char \1;/p'\'''
lt_cv_sys_global_symbol_to_import=
lt_cv_sys_max_cmd_len=786432
lt_cv_to_host_file_cmd=func_convert_file_noop
lt_cv_to_tool_file_cmd=func_convert_file_noop
lt_cv_truncate_bin='/bin/dd bs=4096 count=1'
pkg_cv_PNG_CFLAGS=-I/usr/local/Cellar/libpng/1.6.39/include/libpng16
pkg_cv_PNG_LIBS='-L/usr/local/Cellar/libpng/1.6.39/lib -lpng16'

## ----------------- ##
## Output variables. ##
## ----------------- ##

ACLOCAL='${SHELL} '\''/Users/melinetrochon/Documents/Jussieu/S1/PPAR/m4ri-ppar/missing'\'' aclocal-1.16'
AMDEPBACKSLASH='\'
AMDEP_FALSE='#'
AMDEP_TRUE=''
AMTAR='$${TAR-tar}'
AM_BACKSLASH='\'
AM_DEFAULT_V='$(AM_DEFAULT_VERBOSITY)'
AM_DEFAULT_VERBOSITY='1'
AM_V='$(V)'
AR='ar'
AUTOCONF='${SHELL} '\''/Users/melinetrochon/Documents/Jussieu/S1/PPAR/m4ri-ppar/missing'\'' autoconf'
AUTOHEADER='${SHELL} '\''/Users/melinetrochon/Documents/Jussieu/S1/PPAR/m4ri-ppar/missing'\'' autoheader'
AUTOMAKE='${SHELL} '\''/Users/melinetrochon/Documents/Jussieu/S1/PPAR/m4ri-ppar/missing'\'' automake-1.16'
AWK='awk'
CC='gcc'
CCDEPMODE='depmode=gcc3'
CFLAGS='-g -O2'
CPPFLAGS=''
CPUEXT_FLAGS=' -mrdrnd -mbmi -mbmi2'
CSCOPE='cscope'
CTAGS='ctags'
CYGPATH_W='echo'
DEBUG_FLAGS=''
DEFS='-DHAVE_CONFIG_H'
DEPDIR='.deps'
DLLTOOL='false'
DSYMUTIL='dsymutil'
DUMPBIN=''
ECHO_C='\c'
ECHO_N=''
ECHO_T=''
EGREP='/usr/bin/grep -E'
ETAGS='etags'
EXEEXT=''
FGREP='/usr/bin/grep -F'
FILECMD='file'
GREP='/usr/bin/grep'
INSTALL_DATA='${INSTALL} -m 644'
INSTALL_PROGRAM='${INSTALL}'
INSTALL_SCRIPT='${INSTALL}'
INSTALL_STRIP_PROGRAM='$(install_sh) -c -s'
LD='/Library/Developer/CommandLineTools/usr/bin/ld'
LDFLAGS=''
LIBM=''
LIBOBJS=''
LIBPNG_CFLAGS='-I/usr/local/Cellar/libpng/1.6.39/include/libpng16'
LIBPNG_LIBADD='-L/usr/local/Cellar/libpng/1.6.39/lib -lpng16'
LIBS=''
LIBTOOL='$(SHELL) $(top_builddir)/libtool'
LIPO='lipo'
LN_S='ln -s'
LTLIBOBJS=''
LT_SYS_LIBRARY_PATH=''
M4RI_CPU_L1_CACHE='32768'
M4RI_CPU_L2_CACHE='0'
M4RI_CPU_L3_CACHE='0'
M4RI_DEBUG_DUMP='0'
M4RI_DEBUG_MZD='0'
M4RI_ENABLE_MMC='1'
M4RI_ENABLE_MZD_CACHE='1'
M4RI_HAVE_LIBPNG='1'
M4RI_HAVE_MM_MALLOC='1'
M4RI_HAVE_OPENMP='0'
M4RI_HAVE_POSIX_MEMALIGN='1'
M4RI_HAVE_SSE2='1'
M4RI_USE_PNG_PC='libpng'
MAINT='#'
MAINTAINER_MODE_FALSE=''
MAINTAINER_MODE_TRUE='#'
MAKEINFO='${SHELL} '\''/Users/melinetrochon/Documents/Jussieu/S1/PPAR/m4ri-ppar/missing'\'' makeinfo'
MANIFEST_TOOL=':'
MKDIR_P='./install-sh -c -d'
NM='/usr/bin/nm -B'
NMEDIT='nmedit'
OBJDUMP='objdump'
OBJEXT='o'
OPENMP_CFLAGS=''
OTOOL64=':'
OTOOL='otool'
PACKAGE='m4ri'
PACKAGE_BUGREPORT=''
PACKAGE_NAME='m4ri'
PACKAGE_STRING='m4ri 20200125'
PACKAGE_TARNAME='m4ri'
PACKAGE_URL=''
PACKAGE_VERSION='20200125'
PAPI_CFLAGS=''
PAPI_LDFLAGS=''
PAPI_LIBS=''
PATH_SEPARATOR=':'
PKG_CONFIG='/usr/local/bin/pkg-config'
PKG_CONFIG_LIBDIR=''
PKG_CONFIG_PATH=''
PNG_CFLAGS='-I/usr/local/Cellar/libpng/1.6.39/include/libpng16'
PNG_LIBS='-L/usr/local/Cellar/libpng/1.6.39/lib -lpng16'
RANLIB='ranlib'
RAW_LIBPNG=''
RELEASE='20200125'
SED='/usr/bin/sed'
SET_MAKE=''
SHELL='/bin/sh'
SIMD_FLAGS=' -mmmx -msse -msse2 -msse3 -mssse3 -msse4.1 -msse4.2 -maes -mavx -mfma -mavx2'
STRIP='strip'
VERSION='20200125'
ac_ct_AR='ar'
ac_ct_CC='gcc'
ac_ct_DUMPBIN=''
am__EXEEXT_FALSE=''
am__EXEEXT_TRUE='#'
am__fastdepCC_FALSE='#'
am__fastdepCC_TRUE=''
am__include='include'
am__isrc=''
am__leading_dot='.'
am__nodep='_no'
am__quote=''
am__tar='$${TAR-tar} chof - "$$tardir"'
am__untar='$${TAR-tar} xf -'
bindir='${exec_prefix}/bin'
build='x86_64-apple-darwin21.6.0'
build_alias=''
build_cpu='x86_64'
build_os='darwin21.6.0'
build_vendor='apple'
datadir='${datarootdir}'
datarootdir='${prefix}/share'
docdir='${datarootdir}/doc/${PACKAGE_TARNAME}'
dvidir='${docdir}'
exec_prefix='${prefix}'
host='x86_64-apple-darwin21.6.0'
host_alias=''
host_cpu='x86_64'
host_os='darwin21.6.0'
host_vendor='apple'
htmldir='${docdir}'
includedir='${prefix}/include'
infodir='${datarootdir}/info'
install_sh='${SHELL} /Users/melinetrochon/Documents/Jussieu/S1/PPAR/m4ri-ppar/install-sh'
libdir='${exec_prefix}/lib'
libexecdir='${exec_prefix}/libexec'
localedir='${datarootdir}/locale'
localstatedir='${prefix}/var'
mandir='${datarootdir}/man'
mkdir_p='$(MKDIR_P)'
oldincludedir='/usr/include'
pdfdir='${docdir}'
prefix='/usr/local'
program_transform_name='s,x,x,'
psdir='${docdir}'
runstatedir='${localstatedir}/run'
sbindir='${exec_prefix}/sbin'
sharedstatedir='${prefix}/com'
sysconfdir='${prefix}/etc'
target_alias=''

## ----------- ##
## confdefs.h. ##
## ----------- ##

/* confdefs.h */
#define PACKAGE_NAME "m4ri"
#define PACKAGE_TARNAME "m4ri"
#define PACKAGE_VERSION "20200125"
#define PACKAGE_STRING "m4ri 20200125"
#define PACKAGE_BUGREPORT ""
#define PACKAGE_URL ""
#define PACKAGE "m4ri"
#define VERSION "20200125"
#define HAVE_STDIO_H 1
#define HAVE_STDLIB_H 1
#define HAVE_STRING_H 1
#define HAVE_INTTYPES_H 1
#define HAVE_STDINT_H 1
#define HAVE_STRINGS_H 1
#define HAVE_SYS_STAT_H 1
#define HAVE_SYS_TYPES_H 1
#define HAVE_UNISTD_H 1
#define STDC_HEADERS 1
#define HAVE_DLFCN_H 1
#define LT_OBJDIR ".libs/"
#define HAVE_RDRND 1
#define HAVE_BMI1 1
#define HAVE_BMI2 1
#define HAVE_MMX 1
#define HAVE_SSE 1
#define HAVE_SSE2 1
#define HAVE_SSE3 1
#define HAVE_SSSE3 1
#define HAVE_SSE4_1 1
#define HAVE_SSE4_2 1
#define HAVE_AES 1
#define HAVE_AVX 1
#define HAVE_FMA3 1
#define HAVE_AVX2 1
#define HAVE_MM_MALLOC /**/
#define HAVE_POSIX_MEMALIGN 1
#define NDEBUG 1
#define M4RI_BUILDING_M4RI 1

configure: exit 0
